
Progress INFO: Berem meritve...
Progress INFO: Meritve prebrane.
Progress INFO: Berem meritve...
!WARNING!: Datoteka v1.txt dne vsebuje dovolj vrstic. Št. vrstic nastavljeno na 27001.
!WARNING!: Datoteka v2.txt dne vsebuje dovolj vrstic. Št. vrstic nastavljeno na 27001.
!WARNING!: Datoteka v3.txt dne vsebuje dovolj vrstic. Št. vrstic nastavljeno na 27001.
!WARNING!: Datoteka v4.txt dne vsebuje dovolj vrstic. Št. vrstic nastavljeno na 27001.
!WARNING!: Datoteka v5.txt dne vsebuje dovolj vrstic. Št. vrstic nastavljeno na 27001.
!WARNING!: Datoteka v6.txt dne vsebuje dovolj vrstic. Št. vrstic nastavljeno na 27001.
!WARNING!: Datoteka v7.txt dne vsebuje dovolj vrstic. Št. vrstic nastavljeno na 27001.
Progress INFO: Meritve prebrane.
Progress INFO: Shranjujem... 
Progress INFO: Datoteka shranjena kot Instrumented glow plug data sheet_50_v1.xlsx
Progress INFO: Shranjujem... 
Progress INFO: Datoteka shranjena kot Instrumented glow plug data sheet_51_v2.xlsx
Progress INFO: Shranjujem... 
Progress INFO: Datoteka shranjena kot Instrumented glow plug data sheet_52_v3.xlsx
Progress INFO: Shranjujem... 
Progress INFO: Datoteka shranjena kot Instrumented glow plug data sheet_53_v4.xlsx
Progress INFO: Shranjujem... 
Progress INFO: Datoteka shranjena kot Instrumented glow plug data sheet_54_v5.xlsx
Progress INFO: Shranjujem... 
Progress INFO: Datoteka shranjena kot Instrumented glow plug data sheet_55_v6.xlsx
Progress INFO: Shranjujem... 
Progress INFO: Datoteka shranjena kot Instrumented glow plug data sheet_56_v7.xlsx